============================= test session starts =============================
platform win32 -- Python 3.12.0, pytest-7.4.4, pluggy-1.6.0
rootdir: D:\pythontrusted
configfile: pyproject.toml
plugins: anyio-4.13.0, asyncio-0.23.3, cov-4.1.0
asyncio: mode=Mode.AUTO
collected 60 items / 1 error


---------- coverage: platform win32, python 3.12.0-final-0 -----------
Name                                                 Stmts   Miss  Cover   Missing
----------------------------------------------------------------------------------
app\api\deps.py                                         64     33    48%   24-25, 30, 50-90, 106-111, 135, 161-162, 186-192
app\api\v1\admin\content_routes.py                     134    103    23%   53-65, 89-102, 128-143, 171-191, 210-225, 251-266, 285-300, 330-352, 371-384, 410-428
app\api\v1\admin\dashboard_routes.py                    41     25    39%   45-52, 82-97, 121-136
app\api\v1\admin\deal_routes.py                         70     48    31%   44-56, 87-102, 124-139, 165-182, 206-221
app\api\v1\admin\dependencies.py                         8      8     0%   7-42
app\api\v1\admin\listing_routes.py                      70     48    31%   47-56, 82-99, 123-136, 160-175, 196-209
app\api\v1\admin\mediator_routes.py                    122     92    25%   53-65, 91-106, 128-143, 167-180, 205-222, 243-256, 284-303, 324-341, 365-382
app\api\v1\admin\report_routes.py                       83     59    29%   44-56, 93-110, 132-147, 172-187, 208-223, 244-257
app\api\v1\admin\user_routes.py                        109     81    26%   52-61, 98-115, 137-152, 176-189, 214-229, 250-263, 287-302, 326-343
app\api\v1\auth\routes.py                              121     90    26%   59-79, 100-120, 139-154, 174-187, 206-221, 237-250, 269-293, 312-325
app\api\v1\auth\schemas.py                              57      0   100%
app\api\v1\buy\account_routes.py                        39     24    38%   59-75, 99-106, 131-138
app\api\v1\buy\deal_routes.py                           49     30    39%   55-68, 91-98, 128-138, 167-174
app\api\v1\buy\mediator_routes.py                       35     20    43%   45-52, 76-83, 107-112
app\api\v1\buy\payment_routes.py                        57     38    33%   50-77, 105-113, 142-150, 176-183
app\api\v1\chat\rest_routes.py                         149    116    22%   56-70, 90-102, 127-153, 177-191, 211-223, 244-256, 280-314, 334-346, 363-375
app\api\v1\chat\routes.py                                6      0   100%
app\api\v1\chat\websocket.py                            96     74    23%   33-34, 48-72, 81-104, 114-123, 136-159, 169-174, 186-198, 210-211, 224-225
app\api\v1\chat\websocket_routes.py                    102     81    21%   37-50, 68, 109-214, 227-254, 266-279, 291-309, 322-351, 367-384
app\api\v1\home\routes.py                               60     30    50%   50-54, 68-70, 81-83, 94-96, 107-109, 142-155, 169-171, 192-199
app\api\v1\notifications\routes.py                      81     50    38%   54-65, 88-96, 121-129, 147-148, 164-174, 197-205, 223-224, 248-258, 299-321
app\api\v1\notifications\websocket.py                   67     50    25%   34-45, 90-142, 153-167, 183-185, 200, 211-229
app\api\v1\profile\routes.py                            93     55    41%   45-47, 59-61, 79-82, 106-108, 126-144, 156-158, 174-177, 202-204, 216-218, 233-235, 247-249, 265-267, 286-304
app\api\v1\security\routes.py                          108     58    46%   49-59, 76-82, 101-109, 126-127, 145-151, 169-179, 197-203, 221-231, 250-258, 278-284, 304-310, 327-333, 348-349
app\api\v1\sell\routes.py                              103     73    29%   66-74, 102-109, 127-135, 153-161, 185-223, 247-255, 278-286, 309-317, 345-355
app\core\config.py                                      61      2    97%   109, 117
app\core\constants.py                                  100      0   100%
app\core\database.py                                    20     10    50%   32-33, 42-48, 55
app\core\exceptions.py                                  45     18    60%   24-27, 40, 57, 70, 91-94, 107, 127-131, 144, 161, 174
app\core\middleware.py                                  59     39    34%   41-42, 58-69, 95-96, 112-123, 148-149, 164-210, 242-243, 259-279
app\core\redis.py                                       20     13    35%   22-39, 49-52, 62
app\core\security.py                                    41     29    29%   34-35, 56-57, 76-89, 108-121, 142-146, 167-176
app\db\session.py                                       21     21     0%   8-74
app\main.py                                             89     57    36%   27, 38-73, 103-124, 133, 147-154, 167-169, 188-212, 225
app\models\account.py                                   48      0   100%
app\models\base.py                                       9      0   100%
app\models\chat.py                                      56      0   100%
app\models\content.py                                   58      0   100%
app\models\deal.py                                      44      0   100%
app\models\listing.py                                   26      0   100%
app\models\mediator.py                                  62      0   100%
app\models\notification.py                              29      0   100%
app\models\review.py                                    19      0   100%
app\models\user.py                                     104      0   100%
app\schemas\account.py                                  70      0   100%
app\schemas\admin.py                                   344      0   100%
app\schemas\chat.py                                     67      0   100%
app\schemas\common.py                                   42      6    86%   33-34, 74, 89, 126, 149
app\schemas\deal.py                                     97      0   100%
app\schemas\home.py                                    137      0   100%
app\schemas\listing.py                                 189      8    96%   28-32, 51-53
app\schemas\mediator.py                                 82      0   100%
app\schemas\notification.py                             57      0   100%
app\schemas\profile.py                                  77      0   100%
app\schemas\security.py                                 79      7    91%   18-24
app\schemas\user.py                                     60      0   100%
app\services\admin\audit_service.py                     20      8    60%   33, 60-82, 102, 121
app\services\admin\base.py                              19     19     0%   7-93
app\services\admin\content_service.py                   94     74    21%   43, 52-70, 91-102, 140-168, 186-203, 224-237, 254-277, 306-323, 344-363, 380-393, 416-417
app\services\admin\dashboard_service.py                 93     75    19%   46, 58-134, 182-211, 224-248, 254-280, 285-306, 310-336, 343-353
app\services\admin\deal_service.py                      60     42    30%   39, 55-102, 119-144, 191-210, 232-247, 262
app\services\admin\listing_service.py                   52     36    31%   35, 51-93, 113-126, 142-154, 169-181, 196-197
app\services\admin\mediator_service.py                  94     71    24%   52, 66-111, 128-150, 190-204, 223-237, 252-264, 280-318, 336-363, 381-398, 413
app\services\admin\report_service.py                    41     25    39%   33, 60, 80, 102-105, 119-149, 166, 181-194, 209-210
app\services\admin\user_service.py                      93     68    27%   66, 89-156, 174-210, 254-266, 285-300, 315-328, 344-358, 372, 391
app\services\auth_service.py                           109     81    26%   49, 65-126, 142-171, 183-197, 220, 236-255, 270-275, 292, 309, 315-316, 320-321, 325-326, 330-331, 335-338, 350-353, 369, 388-390
app\services\buy\account_browsing_service.py            83     68    18%   39, 69-156, 180-210, 247-306, 316-337
app\services\buy\base.py                                18     18     0%   7-72
app\services\buy\deal_service.py                       113     93    18%   54, 88-143, 187-233, 292-310, 341-406, 432-441
app\services\buy\mediator_service.py                    77     60    22%   34, 55-117, 137-152, 201-244, 265-267, 279-285
app\services\buy\payment_service.py                     63     49    22%   30, 52-74, 102-124, 150-170, 194-213
app\services\cache_service.py                          173    138    20%   31, 35-37, 46-58, 67-79, 83-90, 99-111, 120-131, 135-142, 154-167, 177-185, 189-200, 209-221, 230-241, 245-252, 261-273, 282-291, 295-302, 306-310
app\services\chat\attachment_service.py                 22     22     0%   7-75
app\services\chat\base.py                               19     19     0%   7-69
app\services\chat\message_service.py                    59     59     0%   7-225
app\services\chat\participant_service.py                26     26     0%   7-108
app\services\chat\room_service.py                       66     66     0%   7-235
app\services\chat\unread_service.py                     14     14     0%   7-65
app\services\chat_service.py                           159    133    16%   50, 68-184, 203-258, 287-355, 375-428, 459-509, 523-541, 571-608, 628-643, 666-688
app\services\home\base.py                               30     30     0%   7-113
app\services\home\content_service.py                    51     51     0%   3-165
app\services\home\feed_service.py                      245    245     0%   3-898
app\services\home\search_service.py                     86     86     0%   3-235
app\services\home_service.py                           238    209    12%   48-49, 71-84, 102-118, 128-158, 168-209, 219-247, 274-371, 390-434, 452-534, 542-592, 602-657, 661-669, 677-696, 700-730
app\services\notification_helpers.py                    91     91     0%   3-433
app\services\notification_service.py                   226    226     0%   3-662
app\services\notifications\base.py                      87     74    15%   32-50, 60-85, 99-124, 134-148, 158-178, 189-212
app\services\notifications\crud_service.py             105     77    27%   79-129, 152-161, 182-200, 214-236, 257-272, 305-335, 348
app\services\notifications\preferences_service.py       44     29    34%   45-72, 99-136, 150-155
app\services\profile\base.py                            76     76     0%   7-274
app\services\profile\listing_management_service.py      88     88     0%   7-327
app\services\profile\profile_management_service.py      74     74     0%   7-295
app\services\profile_service.py                        216    180    17%   43, 56-90, 130-133, 161-180, 202-224, 247-267, 279-284, 316-335, 371-390, 412-414, 444-471, 494-503, 519-536, 560-574, 582-586, 590-594, 598-607, 611-615, 620-638, 646-669, 681-728, 733-743
app\services\security\account_freeze_service.py         44     44     0%   7-135
app\services\security\audit_service.py                  27     27     0%   7-115
app\services\security\base.py                           22     22     0%   7-133
app\services\security\login_history_service.py          50     50     0%   7-187
app\services\security\password_service.py               35     35     0%   7-115
app\services\security\security_score_service.py         50     50     0%   7-142
app\services\security\two_factor_service.py             58     58     0%   7-167
app\services\security_service.py                       211    182    14%   42, 49-80, 85-99, 106-134, 139-180, 194-224, 229-260, 266-288, 292-315, 322-350, 357-373, 382-416, 423-445, 449-568, 584-593
app\services\sell_service.py                           167    133    20%   60, 79-115, 128-158, 167-172, 192-197, 228-261, 281-311, 328-346, 365-382, 397-425, 431-432, 436-437, 441-442, 455-465, 480, 484-490, 494-497, 501-506, 512, 516-529, 537, 543
app\tasks\celery_app.py                                  6      6     0%   8-57
app\utils\rate_limit.py                                 82     49    40%   61-79, 91-92, 119-133, 154-182, 212-241
app\utils\redis_pubsub.py                              144    119    17%   38-54, 63-76, 85-92, 102-135, 139, 143-150, 168, 179-194, 205-220, 232-255, 267-281, 289-302, 310-311
app\utils\storage.py                                    50     42    16%   29-81, 97-128
----------------------------------------------------------------------------------
TOTAL                                                 8306   5113    38%
Coverage HTML written to dir htmlcov

=========================== short test summary info ===========================
ERROR tests/schemas/test_schemas.py
!!!!!!!!!!!!!!!!!!! Interrupted: 1 error during collection !!!!!!!!!!!!!!!!!!!!
============================== 1 error in 1.68s ===============================
